{"C:\\Users\\user\\OneDrive\\Desktop\\GoIt\\Proiecte Teme de casa\\nodejs-homework-rest-api\\controllers\\usersControllers.js": {"path":"C:\\Users\\user\\OneDrive\\Desktop\\GoIt\\Proiecte Teme de casa\\nodejs-homework-rest-api\\controllers\\usersControllers.js","statementMap":{"0":{"start":{"line":1,"column":12},"end":{"line":1,"column":35}},"1":{"start":{"line":10,"column":4},"end":{"line":10,"column":39}},"2":{"start":{"line":12,"column":25},"end":{"line":12,"column":71}},"3":{"start":{"line":14,"column":11},"end":{"line":14,"column":33}},"4":{"start":{"line":15,"column":13},"end":{"line":15,"column":28}},"5":{"start":{"line":17,"column":17},"end":{"line":17,"column":32}},"6":{"start":{"line":19,"column":0},"end":{"line":19,"column":27}},"7":{"start":{"line":20,"column":15},"end":{"line":20,"column":37}},"8":{"start":{"line":22,"column":0},"end":{"line":45,"column":2}},"9":{"start":{"line":23,"column":30},"end":{"line":23,"column":38}},"10":{"start":{"line":30,"column":2},"end":{"line":44,"column":3}},"11":{"start":{"line":31,"column":20},"end":{"line":31,"column":55}},"12":{"start":{"line":32,"column":4},"end":{"line":32,"column":25}},"13":{"start":{"line":34,"column":4},"end":{"line":40,"column":7}},"14":{"start":{"line":42,"column":4},"end":{"line":42,"column":53}},"15":{"start":{"line":43,"column":4},"end":{"line":43,"column":16}},"16":{"start":{"line":47,"column":0},"end":{"line":66,"column":2}},"17":{"start":{"line":48,"column":30},"end":{"line":48,"column":38}},"18":{"start":{"line":49,"column":20},"end":{"line":49,"column":51}},"19":{"start":{"line":50,"column":2},"end":{"line":52,"column":3}},"20":{"start":{"line":51,"column":4},"end":{"line":51,"column":60}},"21":{"start":{"line":53,"column":2},"end":{"line":65,"column":3}},"22":{"start":{"line":54,"column":17},"end":{"line":54,"column":49}},"23":{"start":{"line":56,"column":4},"end":{"line":62,"column":7}},"24":{"start":{"line":64,"column":4},"end":{"line":64,"column":53}},"25":{"start":{"line":68,"column":0},"end":{"line":100,"column":2}},"26":{"start":{"line":69,"column":2},"end":{"line":99,"column":3}},"27":{"start":{"line":70,"column":23},"end":{"line":70,"column":48}},"28":{"start":{"line":73,"column":4},"end":{"line":78,"column":5}},"29":{"start":{"line":75,"column":6},"end":{"line":77,"column":76}},"30":{"start":{"line":81,"column":18},"end":{"line":81,"column":42}},"31":{"start":{"line":85,"column":17},"end":{"line":85,"column":42}},"32":{"start":{"line":88,"column":19},"end":{"line":88,"column":26}},"33":{"start":{"line":91,"column":19},"end":{"line":91,"column":43}},"34":{"start":{"line":93,"column":4},"end":{"line":95,"column":5}},"35":{"start":{"line":94,"column":6},"end":{"line":94,"column":68}},"36":{"start":{"line":97,"column":4},"end":{"line":97,"column":53}},"37":{"start":{"line":98,"column":4},"end":{"line":98,"column":16}},"38":{"start":{"line":102,"column":0},"end":{"line":142,"column":2}},"39":{"start":{"line":103,"column":2},"end":{"line":141,"column":3}},"40":{"start":{"line":104,"column":23},"end":{"line":104,"column":48}},"41":{"start":{"line":107,"column":4},"end":{"line":112,"column":5}},"42":{"start":{"line":109,"column":6},"end":{"line":111,"column":76}},"43":{"start":{"line":115,"column":18},"end":{"line":115,"column":42}},"44":{"start":{"line":119,"column":17},"end":{"line":119,"column":42}},"45":{"start":{"line":122,"column":19},"end":{"line":122,"column":26}},"46":{"start":{"line":125,"column":19},"end":{"line":125,"column":44}},"47":{"start":{"line":127,"column":4},"end":{"line":136,"column":5}},"48":{"start":{"line":128,"column":6},"end":{"line":132,"column":9}},"49":{"start":{"line":135,"column":6},"end":{"line":135,"column":75}},"50":{"start":{"line":138,"column":4},"end":{"line":138,"column":23}},"51":{"start":{"line":139,"column":4},"end":{"line":139,"column":71}},"52":{"start":{"line":140,"column":4},"end":{"line":140,"column":16}},"53":{"start":{"line":144,"column":0},"end":{"line":181,"column":2}},"54":{"start":{"line":145,"column":27},"end":{"line":145,"column":35}},"55":{"start":{"line":148,"column":2},"end":{"line":180,"column":3}},"56":{"start":{"line":149,"column":23},"end":{"line":149,"column":48}},"57":{"start":{"line":152,"column":4},"end":{"line":157,"column":5}},"58":{"start":{"line":154,"column":6},"end":{"line":156,"column":76}},"59":{"start":{"line":160,"column":18},"end":{"line":160,"column":42}},"60":{"start":{"line":164,"column":17},"end":{"line":164,"column":42}},"61":{"start":{"line":167,"column":26},"end":{"line":167,"column":30}},"62":{"start":{"line":171,"column":24},"end":{"line":171,"column":70}},"63":{"start":{"line":174,"column":4},"end":{"line":177,"column":7}},"64":{"start":{"line":179,"column":4},"end":{"line":179,"column":53}},"65":{"start":{"line":183,"column":0},"end":{"line":251,"column":2}},"66":{"start":{"line":184,"column":2},"end":{"line":250,"column":3}},"67":{"start":{"line":185,"column":20},"end":{"line":185,"column":51}},"68":{"start":{"line":188,"column":4},"end":{"line":188,"column":49}},"69":{"start":{"line":190,"column":23},"end":{"line":190,"column":64}},"70":{"start":{"line":194,"column":4},"end":{"line":194,"column":52}},"71":{"start":{"line":196,"column":4},"end":{"line":198,"column":5}},"72":{"start":{"line":197,"column":6},"end":{"line":197,"column":76}},"73":{"start":{"line":203,"column":25},"end":{"line":205,"column":7}},"74":{"start":{"line":208,"column":22},"end":{"line":208,"column":35}},"75":{"start":{"line":211,"column":21},"end":{"line":211,"column":53}},"76":{"start":{"line":214,"column":4},"end":{"line":214,"column":41}},"77":{"start":{"line":217,"column":18},"end":{"line":217,"column":48}},"78":{"start":{"line":221,"column":4},"end":{"line":221,"column":37}},"79":{"start":{"line":224,"column":4},"end":{"line":224,"column":32}},"80":{"start":{"line":226,"column":28},"end":{"line":226,"column":63}},"81":{"start":{"line":229,"column":4},"end":{"line":229,"column":47}},"82":{"start":{"line":231,"column":25},"end":{"line":231,"column":27}},"83":{"start":{"line":234,"column":25},"end":{"line":234,"column":51}},"84":{"start":{"line":235,"column":19},"end":{"line":235,"column":31}},"85":{"start":{"line":237,"column":4},"end":{"line":237,"column":42}},"86":{"start":{"line":239,"column":24},"end":{"line":239,"column":62}},"87":{"start":{"line":241,"column":4},"end":{"line":241,"column":63}},"88":{"start":{"line":243,"column":4},"end":{"line":243,"column":63}},"89":{"start":{"line":244,"column":4},"end":{"line":249,"column":7}}},"fnMap":{"0":{"name":"(anonymous_0)","decl":{"start":{"line":22,"column":19},"end":{"line":22,"column":20}},"loc":{"start":{"line":22,"column":45},"end":{"line":45,"column":1}},"line":22},"1":{"name":"(anonymous_1)","decl":{"start":{"line":47,"column":16},"end":{"line":47,"column":17}},"loc":{"start":{"line":47,"column":42},"end":{"line":66,"column":1}},"line":47},"2":{"name":"(anonymous_2)","decl":{"start":{"line":68,"column":17},"end":{"line":68,"column":18}},"loc":{"start":{"line":68,"column":43},"end":{"line":100,"column":1}},"line":68},"3":{"name":"(anonymous_3)","decl":{"start":{"line":102,"column":25},"end":{"line":102,"column":26}},"loc":{"start":{"line":102,"column":51},"end":{"line":142,"column":1}},"line":102},"4":{"name":"(anonymous_4)","decl":{"start":{"line":144,"column":29},"end":{"line":144,"column":30}},"loc":{"start":{"line":144,"column":49},"end":{"line":181,"column":1}},"line":144},"5":{"name":"(anonymous_5)","decl":{"start":{"line":183,"column":27},"end":{"line":183,"column":28}},"loc":{"start":{"line":183,"column":47},"end":{"line":251,"column":1}},"line":183}},"branchMap":{"0":{"loc":{"start":{"line":50,"column":2},"end":{"line":52,"column":3}},"type":"if","locations":[{"start":{"line":50,"column":2},"end":{"line":52,"column":3}},{"start":{},"end":{}}],"line":50},"1":{"loc":{"start":{"line":73,"column":4},"end":{"line":78,"column":5}},"type":"if","locations":[{"start":{"line":73,"column":4},"end":{"line":78,"column":5}},{"start":{},"end":{}}],"line":73},"2":{"loc":{"start":{"line":93,"column":4},"end":{"line":95,"column":5}},"type":"if","locations":[{"start":{"line":93,"column":4},"end":{"line":95,"column":5}},{"start":{},"end":{}}],"line":93},"3":{"loc":{"start":{"line":107,"column":4},"end":{"line":112,"column":5}},"type":"if","locations":[{"start":{"line":107,"column":4},"end":{"line":112,"column":5}},{"start":{},"end":{}}],"line":107},"4":{"loc":{"start":{"line":127,"column":4},"end":{"line":136,"column":5}},"type":"if","locations":[{"start":{"line":127,"column":4},"end":{"line":136,"column":5}},{"start":{"line":133,"column":11},"end":{"line":136,"column":5}}],"line":127},"5":{"loc":{"start":{"line":152,"column":4},"end":{"line":157,"column":5}},"type":"if","locations":[{"start":{"line":152,"column":4},"end":{"line":157,"column":5}},{"start":{},"end":{}}],"line":152},"6":{"loc":{"start":{"line":196,"column":4},"end":{"line":198,"column":5}},"type":"if","locations":[{"start":{"line":196,"column":4},"end":{"line":198,"column":5}},{"start":{},"end":{}}],"line":196}},"s":{"0":1,"1":1,"2":1,"3":1,"4":1,"5":1,"6":1,"7":1,"8":1,"9":0,"10":0,"11":0,"12":0,"13":0,"14":0,"15":0,"16":1,"17":0,"18":0,"19":0,"20":0,"21":0,"22":0,"23":0,"24":0,"25":1,"26":0,"27":0,"28":0,"29":0,"30":0,"31":0,"32":0,"33":0,"34":0,"35":0,"36":0,"37":0,"38":1,"39":0,"40":0,"41":0,"42":0,"43":0,"44":0,"45":0,"46":0,"47":0,"48":0,"49":0,"50":0,"51":0,"52":0,"53":1,"54":0,"55":0,"56":0,"57":0,"58":0,"59":0,"60":0,"61":0,"62":0,"63":0,"64":0,"65":1,"66":0,"67":0,"68":0,"69":0,"70":0,"71":0,"72":0,"73":0,"74":0,"75":0,"76":0,"77":0,"78":0,"79":0,"80":0,"81":0,"82":0,"83":0,"84":0,"85":0,"86":0,"87":0,"88":0,"89":0},"f":{"0":0,"1":0,"2":0,"3":0,"4":0,"5":0},"b":{"0":[0,0],"1":[0,0],"2":[0,0],"3":[0,0],"4":[0,0],"5":[0,0],"6":[0,0]},"_coverageSchema":"1a1c01bbd47fc00a2c39e90264f33305004495a9","hash":"a62b22dea364cf6274fd2652984c677d7762d234"}
,"C:\\Users\\user\\OneDrive\\Desktop\\GoIt\\Proiecte Teme de casa\\nodejs-homework-rest-api\\middlewares\\authMiddleware.js": {"path":"C:\\Users\\user\\OneDrive\\Desktop\\GoIt\\Proiecte Teme de casa\\nodejs-homework-rest-api\\middlewares\\authMiddleware.js","statementMap":{"0":{"start":{"line":1,"column":12},"end":{"line":1,"column":35}},"1":{"start":{"line":2,"column":13},"end":{"line":2,"column":44}},"2":{"start":{"line":3,"column":0},"end":{"line":3,"column":27}},"3":{"start":{"line":5,"column":23},"end":{"line":31,"column":1}},"4":{"start":{"line":6,"column":21},"end":{"line":6,"column":46}},"5":{"start":{"line":8,"column":2},"end":{"line":10,"column":3}},"6":{"start":{"line":9,"column":4},"end":{"line":9,"column":63}},"7":{"start":{"line":12,"column":16},"end":{"line":12,"column":40}},"8":{"start":{"line":15,"column":2},"end":{"line":30,"column":3}},"9":{"start":{"line":16,"column":20},"end":{"line":16,"column":61}},"10":{"start":{"line":19,"column":17},"end":{"line":19,"column":48}},"11":{"start":{"line":22,"column":4},"end":{"line":24,"column":5}},"12":{"start":{"line":23,"column":6},"end":{"line":23,"column":65}},"13":{"start":{"line":26,"column":4},"end":{"line":26,"column":20}},"14":{"start":{"line":27,"column":4},"end":{"line":27,"column":11}},"15":{"start":{"line":29,"column":4},"end":{"line":29,"column":63}},"16":{"start":{"line":33,"column":0},"end":{"line":33,"column":36}}},"fnMap":{"0":{"name":"(anonymous_0)","decl":{"start":{"line":5,"column":23},"end":{"line":5,"column":24}},"loc":{"start":{"line":5,"column":49},"end":{"line":31,"column":1}},"line":5}},"branchMap":{"0":{"loc":{"start":{"line":8,"column":2},"end":{"line":10,"column":3}},"type":"if","locations":[{"start":{"line":8,"column":2},"end":{"line":10,"column":3}},{"start":{},"end":{}}],"line":8},"1":{"loc":{"start":{"line":8,"column":6},"end":{"line":8,"column":54}},"type":"binary-expr","locations":[{"start":{"line":8,"column":6},"end":{"line":8,"column":17}},{"start":{"line":8,"column":21},"end":{"line":8,"column":54}}],"line":8},"2":{"loc":{"start":{"line":22,"column":4},"end":{"line":24,"column":5}},"type":"if","locations":[{"start":{"line":22,"column":4},"end":{"line":24,"column":5}},{"start":{},"end":{}}],"line":22},"3":{"loc":{"start":{"line":22,"column":8},"end":{"line":22,"column":37}},"type":"binary-expr","locations":[{"start":{"line":22,"column":8},"end":{"line":22,"column":13}},{"start":{"line":22,"column":17},"end":{"line":22,"column":37}}],"line":22}},"s":{"0":1,"1":1,"2":1,"3":1,"4":0,"5":0,"6":0,"7":0,"8":0,"9":0,"10":0,"11":0,"12":0,"13":0,"14":0,"15":0,"16":1},"f":{"0":0},"b":{"0":[0,0],"1":[0,0],"2":[0,0],"3":[0,0]},"_coverageSchema":"1a1c01bbd47fc00a2c39e90264f33305004495a9","hash":"3ce6bc7bfde689647d249d78d16354d8ff594f30"}
,"C:\\Users\\user\\OneDrive\\Desktop\\GoIt\\Proiecte Teme de casa\\nodejs-homework-rest-api\\middlewares\\validationMiddleware.js": {"path":"C:\\Users\\user\\OneDrive\\Desktop\\GoIt\\Proiecte Teme de casa\\nodejs-homework-rest-api\\middlewares\\validationMiddleware.js","statementMap":{"0":{"start":{"line":1,"column":12},"end":{"line":1,"column":26}},"1":{"start":{"line":3,"column":21},"end":{"line":6,"column":2}},"2":{"start":{"line":8,"column":0},"end":{"line":8,"column":34}}},"fnMap":{},"branchMap":{},"s":{"0":1,"1":1,"2":1},"f":{},"b":{},"_coverageSchema":"1a1c01bbd47fc00a2c39e90264f33305004495a9","hash":"053db08c2505d9f91833fc3bdd0319d9ffb2e945"}
,"C:\\Users\\user\\OneDrive\\Desktop\\GoIt\\Proiecte Teme de casa\\nodejs-homework-rest-api\\models\\UsersShema.js": {"path":"C:\\Users\\user\\OneDrive\\Desktop\\GoIt\\Proiecte Teme de casa\\nodejs-homework-rest-api\\models\\UsersShema.js","statementMap":{"0":{"start":{"line":1,"column":17},"end":{"line":1,"column":36}},"1":{"start":{"line":2,"column":15},"end":{"line":2,"column":34}},"2":{"start":{"line":4,"column":17},"end":{"line":4,"column":36}},"3":{"start":{"line":6,"column":19},"end":{"line":32,"column":1}},"4":{"start":{"line":34,"column":0},"end":{"line":36,"column":2}},"5":{"start":{"line":35,"column":2},"end":{"line":35,"column":68}},"6":{"start":{"line":38,"column":0},"end":{"line":40,"column":2}},"7":{"start":{"line":39,"column":2},"end":{"line":39,"column":53}},"8":{"start":{"line":42,"column":0},"end":{"line":51,"column":3}},"9":{"start":{"line":43,"column":2},"end":{"line":49,"column":3}},"10":{"start":{"line":44,"column":4},"end":{"line":48,"column":6}},"11":{"start":{"line":50,"column":2},"end":{"line":50,"column":9}},"12":{"start":{"line":53,"column":13},"end":{"line":53,"column":47}},"13":{"start":{"line":54,"column":0},"end":{"line":54,"column":22}}},"fnMap":{"0":{"name":"(anonymous_0)","decl":{"start":{"line":34,"column":33},"end":{"line":34,"column":34}},"loc":{"start":{"line":34,"column":53},"end":{"line":36,"column":1}},"line":34},"1":{"name":"(anonymous_1)","decl":{"start":{"line":38,"column":35},"end":{"line":38,"column":36}},"loc":{"start":{"line":38,"column":55},"end":{"line":40,"column":1}},"line":38},"2":{"name":"(anonymous_2)","decl":{"start":{"line":42,"column":23},"end":{"line":42,"column":24}},"loc":{"start":{"line":42,"column":39},"end":{"line":51,"column":1}},"line":42}},"branchMap":{"0":{"loc":{"start":{"line":43,"column":2},"end":{"line":49,"column":3}},"type":"if","locations":[{"start":{"line":43,"column":2},"end":{"line":49,"column":3}},{"start":{},"end":{}}],"line":43}},"s":{"0":2,"1":2,"2":2,"3":2,"4":2,"5":0,"6":2,"7":0,"8":2,"9":0,"10":0,"11":0,"12":2,"13":2},"f":{"0":0,"1":0,"2":0},"b":{"0":[0,0]},"_coverageSchema":"1a1c01bbd47fc00a2c39e90264f33305004495a9","hash":"7b548eba99a5fb23fbbedc126ddba3bab6868829"}
,"C:\\Users\\user\\OneDrive\\Desktop\\GoIt\\Proiecte Teme de casa\\nodejs-homework-rest-api\\services\\userServices.js": {"path":"C:\\Users\\user\\OneDrive\\Desktop\\GoIt\\Proiecte Teme de casa\\nodejs-homework-rest-api\\services\\userServices.js","statementMap":{"0":{"start":{"line":1,"column":13},"end":{"line":1,"column":44}},"1":{"start":{"line":2,"column":12},"end":{"line":2,"column":35}},"2":{"start":{"line":3,"column":0},"end":{"line":3,"column":27}},"3":{"start":{"line":4,"column":15},"end":{"line":4,"column":37}},"4":{"start":{"line":7,"column":21},"end":{"line":23,"column":1}},"5":{"start":{"line":8,"column":23},"end":{"line":8,"column":52}},"6":{"start":{"line":10,"column":2},"end":{"line":12,"column":3}},"7":{"start":{"line":11,"column":4},"end":{"line":11,"column":36}},"8":{"start":{"line":14,"column":15},"end":{"line":14,"column":44}},"9":{"start":{"line":15,"column":2},"end":{"line":15,"column":29}},"10":{"start":{"line":17,"column":16},"end":{"line":17,"column":64}},"11":{"start":{"line":19,"column":2},"end":{"line":19,"column":21}},"12":{"start":{"line":21,"column":2},"end":{"line":21,"column":20}},"13":{"start":{"line":22,"column":2},"end":{"line":22,"column":14}},"14":{"start":{"line":26,"column":18},"end":{"line":44,"column":1}},"15":{"start":{"line":27,"column":15},"end":{"line":27,"column":44}},"16":{"start":{"line":29,"column":2},"end":{"line":31,"column":3}},"17":{"start":{"line":30,"column":4},"end":{"line":30,"column":50}},"18":{"start":{"line":33,"column":18},"end":{"line":33,"column":53}},"19":{"start":{"line":34,"column":2},"end":{"line":34,"column":23}},"20":{"start":{"line":36,"column":16},"end":{"line":38,"column":4}},"21":{"start":{"line":40,"column":2},"end":{"line":40,"column":21}},"22":{"start":{"line":41,"column":2},"end":{"line":41,"column":20}},"23":{"start":{"line":43,"column":2},"end":{"line":43,"column":25}},"24":{"start":{"line":47,"column":20},"end":{"line":49,"column":1}},"25":{"start":{"line":48,"column":2},"end":{"line":48,"column":37}},"26":{"start":{"line":52,"column":19},"end":{"line":60,"column":1}},"27":{"start":{"line":53,"column":24},"end":{"line":57,"column":3}},"28":{"start":{"line":59,"column":2},"end":{"line":59,"column":23}},"29":{"start":{"line":62,"column":19},"end":{"line":77,"column":1}},"30":{"start":{"line":63,"column":2},"end":{"line":76,"column":3}},"31":{"start":{"line":64,"column":17},"end":{"line":64,"column":52}},"32":{"start":{"line":66,"column":4},"end":{"line":68,"column":5}},"33":{"start":{"line":67,"column":6},"end":{"line":67,"column":60}},"34":{"start":{"line":70,"column":4},"end":{"line":72,"column":7}},"35":{"start":{"line":74,"column":4},"end":{"line":74,"column":31}},"36":{"start":{"line":75,"column":4},"end":{"line":75,"column":16}},"37":{"start":{"line":80,"column":27},"end":{"line":99,"column":1}},"38":{"start":{"line":81,"column":30},"end":{"line":84,"column":3}},"39":{"start":{"line":82,"column":31},"end":{"line":82,"column":61}},"40":{"start":{"line":83,"column":4},"end":{"line":83,"column":53}},"41":{"start":{"line":86,"column":2},"end":{"line":88,"column":3}},"42":{"start":{"line":87,"column":4},"end":{"line":87,"column":49}},"43":{"start":{"line":90,"column":34},"end":{"line":94,"column":3}},"44":{"start":{"line":96,"column":2},"end":{"line":96,"column":39}},"45":{"start":{"line":98,"column":2},"end":{"line":98,"column":33}},"46":{"start":{"line":101,"column":0},"end":{"line":108,"column":2}}},"fnMap":{"0":{"name":"(anonymous_0)","decl":{"start":{"line":7,"column":21},"end":{"line":7,"column":22}},"loc":{"start":{"line":7,"column":48},"end":{"line":23,"column":1}},"line":7},"1":{"name":"(anonymous_1)","decl":{"start":{"line":26,"column":18},"end":{"line":26,"column":19}},"loc":{"start":{"line":26,"column":45},"end":{"line":44,"column":1}},"line":26},"2":{"name":"(anonymous_2)","decl":{"start":{"line":47,"column":20},"end":{"line":47,"column":21}},"loc":{"start":{"line":47,"column":38},"end":{"line":49,"column":1}},"line":47},"3":{"name":"(anonymous_3)","decl":{"start":{"line":52,"column":19},"end":{"line":52,"column":20}},"loc":{"start":{"line":52,"column":37},"end":{"line":60,"column":1}},"line":52},"4":{"name":"(anonymous_4)","decl":{"start":{"line":62,"column":19},"end":{"line":62,"column":20}},"loc":{"start":{"line":62,"column":45},"end":{"line":77,"column":1}},"line":62},"5":{"name":"(anonymous_5)","decl":{"start":{"line":80,"column":27},"end":{"line":80,"column":28}},"loc":{"start":{"line":80,"column":63},"end":{"line":99,"column":1}},"line":80},"6":{"name":"(anonymous_6)","decl":{"start":{"line":81,"column":30},"end":{"line":81,"column":31}},"loc":{"start":{"line":81,"column":48},"end":{"line":84,"column":3}},"line":81}},"branchMap":{"0":{"loc":{"start":{"line":10,"column":2},"end":{"line":12,"column":3}},"type":"if","locations":[{"start":{"line":10,"column":2},"end":{"line":12,"column":3}},{"start":{},"end":{}}],"line":10},"1":{"loc":{"start":{"line":29,"column":2},"end":{"line":31,"column":3}},"type":"if","locations":[{"start":{"line":29,"column":2},"end":{"line":31,"column":3}},{"start":{},"end":{}}],"line":29},"2":{"loc":{"start":{"line":29,"column":6},"end":{"line":29,"column":44}},"type":"binary-expr","locations":[{"start":{"line":29,"column":6},"end":{"line":29,"column":11}},{"start":{"line":29,"column":15},"end":{"line":29,"column":44}}],"line":29},"3":{"loc":{"start":{"line":66,"column":4},"end":{"line":68,"column":5}},"type":"if","locations":[{"start":{"line":66,"column":4},"end":{"line":68,"column":5}},{"start":{},"end":{}}],"line":66},"4":{"loc":{"start":{"line":86,"column":2},"end":{"line":88,"column":3}},"type":"if","locations":[{"start":{"line":86,"column":2},"end":{"line":88,"column":3}},{"start":{},"end":{}}],"line":86}},"s":{"0":1,"1":1,"2":1,"3":1,"4":1,"5":0,"6":0,"7":0,"8":0,"9":0,"10":0,"11":0,"12":0,"13":0,"14":1,"15":0,"16":0,"17":0,"18":0,"19":0,"20":0,"21":0,"22":0,"23":0,"24":1,"25":0,"26":1,"27":0,"28":0,"29":1,"30":0,"31":0,"32":0,"33":0,"34":0,"35":0,"36":0,"37":1,"38":0,"39":0,"40":0,"41":0,"42":0,"43":0,"44":0,"45":0,"46":1},"f":{"0":0,"1":0,"2":0,"3":0,"4":0,"5":0,"6":0},"b":{"0":[0,0],"1":[0,0],"2":[0,0],"3":[0,0],"4":[0,0]},"_coverageSchema":"1a1c01bbd47fc00a2c39e90264f33305004495a9","hash":"cbcd89f7f31cac7a438bf7342789e2498d69b576"}
}
